[2015-11-13 02:25:49] START
[2015-11-13 02:30:21] EDIT OCJ/ABOUT: -1
[2015-11-13 02:42:30] CREATE WelcomePage.py: 0
[2015-11-13 02:43:24] EDIT OCJ/controllers/WelcomePage.py: 1
[2015-11-13 02:47:29] EDIT OCJ/controllers/WelcomePage.py: 0
[2015-11-13 02:50:15] EDIT OCJ/controllers/WelcomePage.py: 0
[2015-11-13 02:50:55] EDIT OCJ/controllers/WelcomePage.py: 1
[2015-11-13 02:51:12] EDIT OCJ/controllers/WelcomePage.py: 0
[2015-11-13 02:51:24] EDIT OCJ/controllers/WelcomePage.py: 0
[2015-11-13 02:55:05] EDIT OCJ/controllers/WelcomePage.py: 0
[2015-11-13 02:56:38] EDIT OCJ/controllers/WelcomePage.py: 0
[2015-11-13 02:57:11] EDIT OCJ/controllers/WelcomePage.py: 0
[2015-11-13 02:57:23] EDIT OCJ/controllers/WelcomePage.py: 0
[2015-11-13 02:57:33] EDIT OCJ/controllers/WelcomePage.py: 0
[2015-11-13 02:58:40] EDIT OCJ/controllers/WelcomePage.py: 1
[2015-11-13 03:10:29] DELETE OCJ/controllers/WelcomePage.py: -4
[2015-11-13 03:11:10] EDIT OCJ/controllers/default.py: -7
[2015-11-13 03:12:35] EDIT OCJ/views/default/index.html: -47
[2015-11-13 03:13:03] EDIT OCJ/views/default/index.html: 2
[2015-11-13 03:13:05] EDIT OCJ/views/default/index.html: 0
[2015-11-13 03:13:22] EDIT OCJ/views/default/index.html: 0
[2015-11-13 03:16:06] EDIT OCJ/controllers/default.py: 1
[2015-11-13 03:16:23] EDIT OCJ/controllers/default.py: 0
[2015-11-13 03:16:45] EDIT OCJ/controllers/default.py: 0
[2015-11-13 03:25:15] EDIT OCJ/views/default/index.html: -1
[2015-11-13 03:26:43] EDIT OCJ/views/default/index.html: 9
[2015-11-13 03:27:28] EDIT OCJ/views/default/index.html: -8
[2015-11-13 03:30:27] EDIT OCJ/controllers/default.py: 1
[2015-11-13 12:32:04] EDIT OCJ/controllers/default.py: 0
[2015-11-13 22:51:20] EDIT OCJ/controllers/default.py: 0
[2015-11-13 22:52:58] EDIT OCJ/controllers/default.py: -1
[2015-11-14 02:10:16] EDIT OCJ/controllers/default.py: -1
[2015-11-14 02:13:38] EDIT OCJ/controllers/default.py: 0
[2015-11-14 03:22:31] CREATE user_db.py: 0
[2015-11-14 03:32:20] EDIT OCJ/models/user_db.py: 7
[2015-11-14 03:33:16] EDIT OCJ/models/user_db.py: 0
[2015-11-14 03:41:47] EDIT OCJ/models/db.py: 3
[2015-11-14 03:47:15] EDIT OCJ/models/db.py: -2
[2015-11-14 03:55:45] EDIT OCJ/private/appconfig.ini: 0
[2015-11-14 03:56:47] CREATE ocj_user_login.py: 0
[2015-11-14 03:57:52] EDIT OCJ/controllers/ocj_user_login.py: 2
[2015-11-14 03:58:23] EDIT OCJ/controllers/ocj_user_login.py: 0
[2015-11-14 04:00:35] EDIT OCJ/views/default/index.html: 0
[2015-11-14 04:00:53] DELETE OCJ/controllers/ocj_user_login.py: -3
[2015-11-14 04:01:07] EDIT OCJ/controllers/default.py: 1
[2015-11-14 04:01:13] EDIT OCJ/views/default/index.html: 0
[2015-11-14 04:02:05] EDIT OCJ/views/default/index.html: 1
[2015-11-14 04:18:35] EDIT OCJ/models/db.py: 0
[2015-11-14 04:18:42] EDIT OCJ/models/db.py: 0
[2015-11-14 04:19:33] EDIT OCJ/models/db.py: 0
[2015-11-14 14:47:56] EDIT OCJ/models/menu.py: 0
[2015-11-14 14:49:01] EDIT OCJ/models/menu.py: 0
[2015-11-14 14:50:14] EDIT OCJ/models/menu.py: 0
[2015-11-14 14:50:14] EDIT OCJ/models/menu.py: 0
[2015-11-14 14:50:14] EDIT OCJ/models/menu.py: 0
[2015-11-14 14:50:14] EDIT OCJ/models/menu.py: 0
[2015-11-15 10:12:36] EDIT OCJ/models/user_db.py: -1
[2015-11-15 13:59:39] EDIT OCJ/views/layout.html: 0
[2015-11-15 14:03:00] EDIT OCJ/models/menu.py: -30
[2015-11-15 14:03:04] EDIT OCJ/models/menu.py: 0
[2015-11-15 14:03:06] EDIT OCJ/models/menu.py: 0
[2015-11-15 14:03:11] EDIT OCJ/models/menu.py: 0
[2015-11-15 14:03:27] EDIT OCJ/models/menu.py: -62
[2015-11-15 14:08:19] EDIT OCJ/static/css/web2py.css: 1
[2015-11-15 14:08:53] EDIT OCJ/static/css/web2py.css: 0
[2015-11-15 14:08:53] EDIT OCJ/static/css/web2py.css: 0
[2015-11-15 14:08:53] EDIT OCJ/static/css/web2py.css: 0
[2015-11-15 14:08:53] EDIT OCJ/static/css/web2py.css: 0
[2015-11-15 14:09:05] EDIT OCJ/static/css/web2py.css: 0
[2015-11-15 14:14:30] EDIT OCJ/controllers/default.py: 0
[2015-11-15 14:14:54] EDIT OCJ/views/default/index.html: -1
[2015-11-15 14:16:13] EDIT OCJ/views/layout.html: 0
[2015-11-15 14:16:16] EDIT OCJ/views/layout.html: 0
[2015-11-15 14:16:43] EDIT OCJ/views/layout.html: 0
[2015-11-15 14:17:17] EDIT OCJ/views/layout.html: 0
[2015-11-15 14:17:17] EDIT OCJ/views/layout.html: 0
[2015-11-15 14:17:17] EDIT OCJ/views/layout.html: 0
[2015-11-15 14:17:18] EDIT OCJ/views/layout.html: 0
[2015-11-15 14:17:18] EDIT OCJ/views/layout.html: 0
[2015-11-15 14:17:21] EDIT OCJ/views/layout.html: 0
[2015-11-15 14:17:50] EDIT OCJ/views/default/index.html: 0
[2015-11-15 14:17:51] EDIT OCJ/views/default/index.html: 0
[2015-11-15 14:18:07] EDIT OCJ/views/default/index.html: 0
[2015-11-15 14:18:10] EDIT OCJ/views/default/index.html: 0
[2015-11-15 14:18:27] EDIT OCJ/views/default/index.html: 0
[2015-11-15 14:19:01] EDIT OCJ/views/default/index.html: 0
[2015-11-15 14:19:20] EDIT OCJ/views/layout.html: 0
[2015-11-15 14:19:28] EDIT OCJ/views/layout.html: 0
[2015-11-15 14:19:40] EDIT OCJ/views/layout.html: 0
[2015-11-15 14:20:32] EDIT OCJ/static/css/bootstrap.min.css: 0
[2015-11-15 14:20:43] EDIT OCJ/static/css/bootstrap.min.css: 0
[2015-11-15 14:21:08] EDIT OCJ/static/css/bootstrap.min.css: 0
[2015-11-15 14:24:34] EDIT OCJ/static/css/bootstrap.min.css: 0
[2015-11-15 14:30:32] EDIT OCJ/static/css/bootstrap.min.css: 0
[2015-11-15 14:31:44] EDIT OCJ/static/css/bootstrap.min.css: 1
[2015-11-15 14:31:56] EDIT OCJ/static/css/bootstrap.min.css: 0
[2015-11-15 14:32:09] EDIT OCJ/static/css/bootstrap.min.css: 0
[2015-11-15 14:33:58] EDIT OCJ/static/css/bootstrap.min.css: 4
[2015-11-15 14:34:01] EDIT OCJ/static/css/bootstrap.min.css: 0
[2015-11-15 14:34:42] EDIT OCJ/static/css/bootstrap.min.css: 0
[2015-11-15 14:34:56] EDIT OCJ/static/css/bootstrap.min.css: -4
[2015-11-15 14:35:09] EDIT OCJ/static/css/bootstrap.min.css: 4
[2015-11-15 14:35:14] EDIT OCJ/static/css/bootstrap.min.css: -1
[2015-11-15 14:35:20] EDIT OCJ/static/css/bootstrap.min.css: 1
[2015-11-15 14:35:30] EDIT OCJ/static/css/bootstrap.min.css: -4
[2015-11-15 14:35:49] EDIT OCJ/static/css/web2py-bootstrap3.css: 4
[2015-11-15 14:36:15] EDIT OCJ/static/css/web2py-bootstrap3.css: 0
[2015-11-15 14:36:18] EDIT OCJ/static/css/web2py-bootstrap3.css: 0
[2015-11-15 14:36:51] EDIT OCJ/views/default/index.html: 0
[2015-11-15 14:36:58] EDIT OCJ/static/css/web2py-bootstrap3.css: -1
[2015-11-15 14:37:17] EDIT OCJ/static/css/web2py-bootstrap3.css: 0
[2015-11-15 14:37:25] EDIT OCJ/static/css/web2py-bootstrap3.css: 0
[2015-11-15 14:37:39] EDIT OCJ/static/css/web2py-bootstrap3.css: 0
[2015-11-15 14:37:58] EDIT OCJ/static/css/web2py-bootstrap3.css: 1
[2015-11-15 14:38:00] EDIT OCJ/static/css/web2py-bootstrap3.css: 0
[2015-11-15 14:39:19] EDIT OCJ/static/css/web2py-bootstrap3.css: 0
[2015-11-15 14:39:32] EDIT OCJ/static/css/web2py-bootstrap3.css: 0
[2015-11-15 14:39:40] EDIT OCJ/static/css/web2py-bootstrap3.css: 0
[2015-11-15 14:40:01] EDIT OCJ/static/css/web2py-bootstrap3.css: 0
[2015-11-15 14:40:11] EDIT OCJ/static/css/web2py-bootstrap3.css: -1
[2015-11-15 14:40:17] EDIT OCJ/static/css/web2py-bootstrap3.css: 1
[2015-11-15 14:41:04] EDIT OCJ/static/css/web2py-bootstrap3.css: 1
[2015-11-15 14:41:14] EDIT OCJ/static/css/web2py-bootstrap3.css: 0
[2015-11-15 14:41:25] EDIT OCJ/static/css/web2py-bootstrap3.css: 0
[2015-11-15 14:41:53] EDIT OCJ/views/default/index.html: 0
[2015-11-15 14:42:05] EDIT OCJ/static/css/web2py-bootstrap3.css: 1
[2015-11-15 14:42:06] EDIT OCJ/static/css/web2py-bootstrap3.css: 0
[2015-11-15 14:42:41] EDIT OCJ/static/css/web2py-bootstrap3.css: 0
[2015-11-15 14:42:49] EDIT OCJ/static/css/web2py-bootstrap3.css: 0
[2015-11-15 14:43:01] EDIT OCJ/static/css/web2py-bootstrap3.css: -1
[2015-11-15 14:43:19] EDIT OCJ/views/default/index.html: 2
[2015-11-15 14:43:30] EDIT OCJ/views/default/index.html: 0
[2015-11-15 14:43:45] EDIT OCJ/views/default/index.html: 0
[2015-11-15 14:44:04] EDIT OCJ/views/default/index.html: -2
[2015-11-15 14:44:19] EDIT OCJ/static/css/web2py-bootstrap3.css: 1
[2015-11-15 14:44:32] EDIT OCJ/static/css/web2py-bootstrap3.css: 0
[2015-11-15 14:45:46] EDIT OCJ/static/css/web2py-bootstrap3.css: 0
[2015-11-15 14:45:47] EDIT OCJ/static/css/web2py-bootstrap3.css: 0
[2015-11-15 14:45:56] EDIT OCJ/static/css/web2py-bootstrap3.css: 0
[2015-11-15 14:46:05] EDIT OCJ/static/css/web2py-bootstrap3.css: 0
[2015-11-15 14:46:33] EDIT OCJ/static/css/web2py-bootstrap3.css: 0
[2015-11-15 14:46:46] EDIT OCJ/static/css/web2py-bootstrap3.css: 0
[2015-11-15 14:46:53] EDIT OCJ/static/css/web2py-bootstrap3.css: 0
[2015-11-15 14:47:05] EDIT OCJ/static/css/web2py-bootstrap3.css: 0
[2015-11-15 14:47:53] EDIT OCJ/static/css/web2py-bootstrap3.css: 1
[2015-11-15 14:48:03] EDIT OCJ/static/css/web2py-bootstrap3.css: 0
[2015-11-15 14:48:54] EDIT OCJ/static/css/web2py-bootstrap3.css: 0
[2015-11-15 14:48:57] EDIT OCJ/static/css/web2py-bootstrap3.css: 0
[2015-11-15 14:49:06] EDIT OCJ/static/css/web2py-bootstrap3.css: 0
[2015-11-15 14:49:11] EDIT OCJ/static/css/web2py-bootstrap3.css: 0
[2015-11-15 14:50:01] EDIT OCJ/static/css/web2py-bootstrap3.css: 1
[2015-11-15 14:50:49] EDIT OCJ/static/css/web2py-bootstrap3.css: 0
[2015-11-15 14:51:02] EDIT OCJ/static/css/web2py-bootstrap3.css: 0
[2015-11-15 14:51:09] EDIT OCJ/static/css/web2py-bootstrap3.css: 0
[2015-11-15 14:51:18] EDIT OCJ/static/css/web2py-bootstrap3.css: 0
[2015-11-15 14:51:28] EDIT OCJ/static/css/web2py-bootstrap3.css: 0
[2015-11-15 14:51:50] EDIT OCJ/static/css/web2py-bootstrap3.css: 0
[2015-11-15 14:52:08] EDIT OCJ/static/css/web2py-bootstrap3.css: 0
[2015-11-15 14:52:20] EDIT OCJ/static/css/web2py-bootstrap3.css: 0
[2015-11-15 15:01:06] EDIT OCJ/static/css/web2py-bootstrap3.css: 0
[2015-11-15 15:04:47] EDIT OCJ/views/layout.html: 1
[2015-11-15 15:05:04] EDIT OCJ/views/layout.html: 0
[2015-11-15 15:11:24] EDIT OCJ/models/menu.py: 0
[2015-11-15 15:11:49] EDIT OCJ/models/menu.py: -8
[2015-11-15 15:13:02] EDIT OCJ/static/css/web2py-bootstrap3.css: 0
[2015-11-15 15:13:08] EDIT OCJ/static/css/web2py-bootstrap3.css: 0
[2015-11-15 15:13:14] EDIT OCJ/static/css/web2py-bootstrap3.css: 0
[2015-11-15 15:13:20] EDIT OCJ/static/css/web2py-bootstrap3.css: 0
[2015-11-15 15:13:30] EDIT OCJ/static/css/web2py-bootstrap3.css: 0
[2015-11-15 15:13:47] EDIT OCJ/static/css/web2py-bootstrap3.css: 0
[2015-11-15 15:14:28] EDIT OCJ/views/default/index.html: 1
[2015-11-15 15:14:53] EDIT OCJ/views/default/index.html: 0
[2015-11-15 15:15:01] EDIT OCJ/views/default/index.html: -1
[2015-11-15 15:16:16] EDIT OCJ/static/css/web2py-bootstrap3.css: 0
[2015-11-15 17:26:50] EDIT OCJ/controllers/default.py: 4
[2015-11-15 17:27:11] CREATE contest_db.py: 0
[2015-11-15 17:28:55] EDIT OCJ/models/contest_db.py: 4
[2015-11-15 17:28:57] EDIT OCJ/models/contest_db.py: 0
[2015-11-15 17:31:28] EDIT OCJ/models/contest_db.py: 0
[2015-11-15 17:33:32] CREATE default/running_contest.html: 0
[2015-11-15 17:33:56] DELETE OCJ/views/default/running_contest.html: -3
[2015-11-15 17:34:14] CREATE default/runningcontests.html: 0
[2015-11-15 17:34:21] EDIT OCJ/views/default/runningcontests.html: -1
[2015-11-15 17:35:23] EDIT OCJ/views/default/runningcontests.html: 8
[2015-11-15 17:36:56] EDIT OCJ/views/default/runningcontests.html: 2
[2015-11-15 17:37:31] EDIT OCJ/views/default/runningcontests.html: 1
[2015-11-15 17:37:48] EDIT OCJ/models/contest_db.py: 0
[2015-11-15 17:37:51] EDIT OCJ/models/contest_db.py: 0
[2015-11-15 17:37:58] EDIT OCJ/views/default/runningcontests.html: 0
[2015-11-15 17:37:58] EDIT OCJ/views/default/runningcontests.html: 0
[2015-11-15 17:38:43] EDIT OCJ/controllers/default.py: 0
[2015-11-15 17:38:47] EDIT OCJ/controllers/default.py: 0
[2015-11-15 17:38:56] EDIT OCJ/controllers/default.py: 0
[2015-11-15 17:39:18] EDIT OCJ/models/menu.py: 0
[2015-11-15 17:39:47] EDIT OCJ/models/contest_db.py: 0
[2015-11-15 17:40:05] EDIT OCJ/models/contest_db.py: 0
[2015-11-15 17:40:07] EDIT OCJ/models/user_db.py: 0
[2015-11-15 17:40:09] EDIT OCJ/models/contest_db.py: 0
[2015-11-15 17:41:07] EDIT OCJ/models/contest_db.py: 0
[2015-11-15 17:41:35] EDIT OCJ/models/contest_db.py: 0
[2015-11-15 17:43:24] EDIT OCJ/models/contest_db.py: 0
[2015-11-15 17:43:38] EDIT OCJ/controllers/default.py: 0
[2015-11-15 17:44:45] EDIT OCJ/controllers/default.py: 0
[2015-11-15 17:47:56] DELETE OCJ/models/contest_db.py: -4
[2015-11-15 17:48:31] DELETE OCJ/models/user_db.py: -6
[2015-11-15 17:48:48] CREATE ocj_contests.py: 0
[2015-11-15 17:49:23] EDIT OCJ/models/ocj_contests.py: 4
[2015-11-15 17:49:34] EDIT OCJ/controllers/default.py: 0
[2015-11-15 17:49:34] EDIT OCJ/controllers/default.py: 0
[2015-11-15 17:49:49] EDIT OCJ/views/default/runningcontests.html: 0
[2015-11-15 17:49:50] EDIT OCJ/controllers/default.py: 0
[2015-11-15 17:49:54] EDIT OCJ/controllers/appadmin.py: 0
[2015-11-15 17:49:56] EDIT OCJ/models/ocj_contests.py: 0
[2015-11-15 17:50:34] EDIT OCJ/views/default/runningcontests.html: -9
[2015-11-15 17:50:43] EDIT OCJ/views/default/runningcontests.html: 9
[2015-11-15 17:51:37] EDIT OCJ/views/default/runningcontests.html: 0
[2015-11-15 17:51:51] EDIT OCJ/views/default/runningcontests.html: 0
[2015-11-15 17:51:54] EDIT OCJ/controllers/default.py: 0
[2015-11-15 17:51:56] EDIT OCJ/controllers/appadmin.py: 0
[2015-11-15 17:51:57] EDIT OCJ/models/ocj_contests.py: 0
[2015-11-15 17:53:40] EDIT OCJ/models/ocj_contests.py: 0
[2015-11-15 17:54:06] EDIT OCJ/models/ocj_contests.py: 0
[2015-11-15 17:54:08] EDIT OCJ/views/default/runningcontests.html: 0
[2015-11-15 17:54:10] EDIT OCJ/controllers/default.py: 0
[2015-11-15 17:54:11] EDIT OCJ/controllers/appadmin.py: 0
[2015-11-15 17:54:56] EDIT OCJ/controllers/default.py: 0
[2015-11-15 17:55:27] EDIT OCJ/views/default/runningcontests.html: 0
[2015-11-15 17:55:55] EDIT OCJ/views/default/runningcontests.html: 0
[2015-11-15 17:57:29] EDIT OCJ/models/menu.py: 0
[2015-11-15 17:57:54] EDIT OCJ/views/default/runningcontests.html: 0
[2015-11-15 17:57:57] EDIT OCJ/views/default/runningcontests.html: 0
[2015-11-15 17:58:43] CREATE default/contests.html: 0
[2015-11-15 17:59:01] EDIT OCJ/views/default/contests.html: 10
[2015-11-15 17:59:16] EDIT OCJ/models/menu.py: 0
[2015-11-15 17:59:40] EDIT OCJ/controllers/default.py: 0
[2015-11-15 18:00:44] DELETE OCJ/views/default/runningcontests.html: -13
[2015-11-15 18:01:01] EDIT OCJ/views/default/contests.html: 0
[2015-11-15 18:01:18] EDIT OCJ/views/default/contests.html: 0
[2015-11-15 18:01:22] EDIT OCJ/views/default/contests.html: 0
[2015-11-15 18:01:32] EDIT OCJ/views/default/contests.html: 0
[2015-11-15 18:01:44] EDIT OCJ/controllers/default.py: 0
[2015-11-15 18:02:18] EDIT OCJ/controllers/default.py: 0
[2015-11-15 18:02:27] EDIT OCJ/views/default/contests.html: 0
[2015-11-15 18:02:52] EDIT OCJ/controllers/default.py: 0
[2015-11-15 18:02:56] EDIT OCJ/controllers/default.py: 0
[2015-11-15 18:03:38] EDIT OCJ/views/default/contests.html: 0
[2015-11-15 18:04:31] EDIT OCJ/static/css/web2py-bootstrap3.css: 7
[2015-11-15 18:04:40] EDIT OCJ/static/css/web2py-bootstrap3.css: 0
[2015-11-15 18:04:51] EDIT OCJ/views/default/contests.html: 0
[2015-11-15 18:05:56] EDIT OCJ/views/default/contests.html: 3
[2015-11-15 18:06:15] EDIT OCJ/views/default/contests.html: 0
[2015-11-15 18:06:27] EDIT OCJ/views/default/contests.html: 1
[2015-11-15 18:06:41] EDIT OCJ/views/default/contests.html: -1
[2015-11-15 18:06:47] EDIT OCJ/views/default/contests.html: 0
[2015-11-15 18:07:34] EDIT OCJ/views/default/contests.html: 2
[2015-11-15 18:07:41] EDIT OCJ/views/default/contests.html: 0
[2015-11-15 18:07:45] EDIT OCJ/static/css/web2py-bootstrap3.css: 0
[2015-11-15 18:08:03] EDIT OCJ/static/css/web2py-bootstrap3.css: 0
[2015-11-15 18:08:10] EDIT OCJ/static/css/web2py-bootstrap3.css: 0
[2015-11-15 18:08:17] EDIT OCJ/static/css/web2py-bootstrap3.css: 0
[2015-11-15 18:09:16] EDIT OCJ/views/default/contests.html: 0
[2015-11-15 18:09:32] EDIT OCJ/views/default/contests.html: 0
[2015-11-15 18:09:44] EDIT OCJ/static/css/web2py-bootstrap3.css: 0
[2015-11-15 18:09:51] EDIT OCJ/views/default/contests.html: 0
[2015-11-15 18:10:50] EDIT OCJ/static/css/web2py-bootstrap3.css: 6
[2015-11-15 18:11:01] EDIT OCJ/static/css/web2py-bootstrap3.css: 0
[2015-11-15 18:11:07] EDIT OCJ/views/default/contests.html: 0
[2015-11-15 18:11:21] EDIT OCJ/views/default/contests.html: 1
[2015-11-15 18:15:29] EDIT OCJ/views/default/contests.html: 3
[2015-11-15 18:16:01] EDIT OCJ/views/default/contests.html: 0
[2015-11-15 18:18:05] EDIT OCJ/views/default/contests.html: 2
[2015-11-15 18:18:39] EDIT OCJ/views/default/contests.html: 2
[2015-11-15 18:19:16] EDIT OCJ/views/default/contests.html: 0
[2015-11-15 18:21:12] EDIT OCJ/views/default/contests.html: 0
[2015-11-15 18:21:27] EDIT OCJ/views/default/contests.html: 0
[2015-11-15 18:22:04] CREATE default/contestpage.html: 0
[2015-11-15 18:23:02] EDIT OCJ/controllers/default.py: 3
[2015-11-15 18:23:51] EDIT OCJ/controllers/default.py: 0
[2015-11-15 18:23:56] EDIT OCJ/views/default/contestpage.html: -1
[2015-11-15 18:40:27] CREATE ocj_contest_questions.py: 0
[2015-11-15 19:34:35] EDIT OCJ/models/db.py: 0
[2015-11-15 19:34:35] EDIT OCJ/models/db.py: 0
[2015-11-15 19:34:35] EDIT OCJ/models/db.py: 0
[2015-11-15 19:34:36] EDIT OCJ/models/db.py: 0
[2015-11-15 19:34:37] EDIT OCJ/models/db.py: 0
[2015-11-15 19:34:58] EDIT OCJ/views/default/contests.html: 0
[2015-11-15 19:36:32] EDIT OCJ/views/default/contests.html: 17
[2015-11-15 19:38:08] EDIT OCJ/views/default/contests.html: 0
[2015-11-15 19:39:13] EDIT OCJ/views/default/contests.html: 4
[2015-11-15 19:39:20] EDIT OCJ/views/default/contests.html: 0
[2015-11-15 19:40:02] EDIT OCJ/static/css/web2py-bootstrap3.css: 0
[2015-11-15 19:50:26] EDIT OCJ/views/default/contests.html: 1
[2015-11-15 19:50:31] EDIT OCJ/views/default/contests.html: 5
[2015-11-15 19:52:55] EDIT OCJ/controllers/default.py: 1
[2015-11-15 22:44:36] EDIT OCJ/models/db.py: 2
[2015-11-15 22:44:58] EDIT OCJ/models/db.py: 0
[2015-11-15 22:45:00] EDIT OCJ/models/db.py: 0
[2015-11-15 22:45:01] EDIT OCJ/models/db.py: 0
[2015-11-15 22:50:45] EDIT OCJ/models/db.py: -2
[2015-11-15 22:50:45] EDIT OCJ/models/db.py: 0
[2015-11-15 22:50:46] EDIT OCJ/models/db.py: 0
[2015-11-15 22:50:46] EDIT OCJ/models/db.py: 0
[2015-11-15 23:12:05] EDIT OCJ/private/appconfig.ini: 0
[2015-11-15 23:13:28] EDIT OCJ/models/db.py: 2
[2015-11-15 23:18:19] EDIT OCJ/models/db.py: 0
[2015-11-15 23:18:19] EDIT OCJ/models/db.py: 0
[2015-11-15 23:18:19] EDIT OCJ/models/db.py: 0
[2015-11-15 23:18:21] EDIT OCJ/models/db.py: 0
[2015-11-15 23:18:21] EDIT OCJ/models/db.py: 0
[2015-11-15 23:18:21] EDIT OCJ/models/db.py: 0
[2015-11-15 23:18:21] EDIT OCJ/models/db.py: 0
[2015-11-15 23:18:21] EDIT OCJ/models/db.py: 0
[2015-11-16 00:00:36] EDIT OCJ/controllers/default.py: 3
[2015-11-16 00:00:41] EDIT OCJ/controllers/default.py: 0
[2015-11-16 00:00:43] EDIT OCJ/controllers/default.py: 0
[2015-11-16 00:01:42] EDIT OCJ/controllers/default.py: 1
[2015-11-16 00:02:17] EDIT OCJ/controllers/default.py: 0
[2015-11-16 00:08:46] EDIT OCJ/views/default/contests.html: 0
[2015-11-16 00:09:20] EDIT OCJ/views/default/contests.html: 0
[2015-11-16 00:09:36] EDIT OCJ/views/default/contests.html: 0
[2015-11-16 00:56:10] CREATE contest_questions_1.py: 0
[2015-11-16 00:57:16] EDIT OCJ/models/contest_questions_1.py: 4
[2015-11-16 00:58:03] EDIT OCJ/models/contest_questions_1.py: 0
[2015-11-16 00:59:05] EDIT OCJ/models/contest_questions_1.py: 2
[2015-11-16 00:59:38] EDIT OCJ/models/contest_questions_1.py: 0
[2015-11-16 01:02:05] EDIT OCJ/models/contest_questions_1.py: -1
[2015-11-16 01:02:08] EDIT OCJ/models/contest_questions_1.py: 0
[2015-11-16 01:02:20] EDIT OCJ/models/contest_questions_1.py: 0
[2015-11-16 01:02:37] EDIT OCJ/models/contest_questions_1.py: 0
[2015-11-16 01:02:54] EDIT OCJ/models/contest_questions_1.py: -1
[2015-11-16 01:03:07] EDIT OCJ/models/contest_questions_1.py: 0
[2015-11-16 01:04:32] EDIT OCJ/models/contest_questions_1.py: 0
[2015-11-16 01:04:34] EDIT OCJ/models/contest_questions_1.py: 0
[2015-11-16 01:09:20] DELETE OCJ/models/ocj_contest_questions.py: 0
[2015-11-16 01:09:31] EDIT OCJ/models/contest_questions_1.py: 0
[2015-11-16 01:13:54] EDIT OCJ/models/contest_questions_1.py: 0
[2015-11-16 01:14:23] DELETE OCJ/models/contest_questions_1.py: -4
[2015-11-16 01:14:30] EDIT OCJ/models/ocj_contests.py: 4
[2015-11-16 01:15:03] EDIT OCJ/models/ocj_contests.py: 0
[2015-11-16 01:29:46] EDIT OCJ/models/ocj_contests.py: 2
[2015-11-16 01:31:46] EDIT OCJ/static/css/bootstrap.min.css: 1
[2015-11-16 01:32:16] EDIT OCJ/static/css/bootstrap.min.css: 0
[2015-11-16 01:32:34] EDIT OCJ/static/css/bootstrap.min.css: -1
[2015-11-16 01:32:42] EDIT OCJ/static/css/bootstrap.min.css: 0
[2015-11-16 01:37:51] EDIT OCJ/controllers/default.py: 2
[2015-11-16 01:37:59] EDIT OCJ/controllers/default.py: 0
[2015-11-16 01:38:26] EDIT OCJ/controllers/default.py: 0
[2015-11-16 01:39:34] EDIT OCJ/controllers/default.py: 0
[2015-11-16 01:40:37] EDIT OCJ/controllers/default.py: 0
[2015-11-16 01:41:52] EDIT OCJ/controllers/default.py: 0
[2015-11-16 01:42:43] EDIT OCJ/views/default/contestpage.html: 3
[2015-11-16 01:43:03] EDIT OCJ/views/default/contestpage.html: 10
[2015-11-16 01:43:19] EDIT OCJ/views/default/contestpage.html: 0
[2015-11-16 01:43:25] EDIT OCJ/views/default/contestpage.html: -7
[2015-11-16 01:43:29] EDIT OCJ/views/default/contestpage.html: 0
[2015-11-16 01:43:29] EDIT OCJ/views/default/contestpage.html: 0
[2015-11-16 01:44:45] EDIT OCJ/views/default/contestpage.html: 4
[2015-11-16 01:44:51] EDIT OCJ/views/default/contestpage.html: 0
[2015-11-16 01:45:00] EDIT OCJ/views/default/contestpage.html: 0
[2015-11-16 01:45:01] EDIT OCJ/views/default/contestpage.html: 0
[2015-11-16 01:45:02] EDIT OCJ/views/default/contestpage.html: 0
[2015-11-16 01:45:02] EDIT OCJ/views/default/contestpage.html: 0
[2015-11-16 01:45:02] EDIT OCJ/views/default/contestpage.html: 0
[2015-11-16 01:45:02] EDIT OCJ/views/default/contestpage.html: 0
[2015-11-16 01:45:02] EDIT OCJ/views/default/contestpage.html: 0
[2015-11-16 01:45:18] EDIT OCJ/views/default/contestpage.html: -11
[2015-11-16 01:45:45] EDIT OCJ/controllers/default.py: 0
[2015-11-16 01:45:54] EDIT OCJ/views/default/contestpage.html: 11
[2015-11-16 01:46:36] EDIT OCJ/controllers/default.py: 0
[2015-11-16 01:46:37] EDIT OCJ/controllers/default.py: 0
[2015-11-16 01:46:37] EDIT OCJ/controllers/default.py: 0
[2015-11-16 01:46:57] EDIT OCJ/controllers/default.py: 0
[2015-11-16 01:47:01] EDIT OCJ/views/default/contestpage.html: 0
[2015-11-16 01:47:12] EDIT OCJ/controllers/default.py: 0
[2015-11-16 01:47:12] EDIT OCJ/controllers/default.py: 0
[2015-11-16 01:47:12] EDIT OCJ/controllers/default.py: 0
[2015-11-16 01:47:13] EDIT OCJ/controllers/default.py: 0
[2015-11-16 01:47:13] EDIT OCJ/controllers/default.py: 0
[2015-11-16 01:47:13] EDIT OCJ/controllers/default.py: 0
[2015-11-16 01:47:13] EDIT OCJ/controllers/default.py: 0
[2015-11-16 01:47:13] EDIT OCJ/controllers/default.py: 0
[2015-11-16 01:47:13] EDIT OCJ/controllers/default.py: 0
[2015-11-16 01:47:14] EDIT OCJ/controllers/default.py: 0
[2015-11-16 01:47:14] EDIT OCJ/controllers/default.py: 0
[2015-11-16 01:47:14] EDIT OCJ/controllers/default.py: 0
[2015-11-16 01:47:14] EDIT OCJ/controllers/default.py: 0
[2015-11-16 01:47:14] EDIT OCJ/controllers/default.py: 0
[2015-11-16 01:47:14] EDIT OCJ/controllers/default.py: 0
[2015-11-16 01:47:16] EDIT OCJ/controllers/default.py: 0
[2015-11-16 01:47:16] EDIT OCJ/controllers/default.py: 0
[2015-11-16 01:47:16] EDIT OCJ/controllers/default.py: 0
[2015-11-16 01:47:16] EDIT OCJ/controllers/default.py: 0
[2015-11-16 01:47:17] EDIT OCJ/controllers/default.py: 0
[2015-11-16 01:47:17] EDIT OCJ/controllers/default.py: 0
[2015-11-16 01:47:17] EDIT OCJ/controllers/default.py: 0
[2015-11-16 01:47:21] EDIT OCJ/controllers/default.py: 0
[2015-11-16 01:47:49] EDIT OCJ/views/default/contestpage.html: 0
[2015-11-16 01:47:51] EDIT OCJ/controllers/default.py: 0
[2015-11-16 01:48:06] EDIT OCJ/controllers/default.py: 0
[2015-11-16 01:48:12] EDIT OCJ/views/default/contestpage.html: 0
[2015-11-16 01:48:21] EDIT OCJ/views/default/contestpage.html: 0
[2015-11-16 01:48:21] EDIT OCJ/views/default/contestpage.html: 0
[2015-11-16 01:48:21] EDIT OCJ/views/default/contestpage.html: 0
[2015-11-16 01:48:22] EDIT OCJ/views/default/contestpage.html: 0
[2015-11-16 01:48:24] EDIT OCJ/controllers/default.py: 0
[2015-11-16 01:48:53] EDIT OCJ/views/default/contestpage.html: -8
[2015-11-16 01:49:06] EDIT OCJ/controllers/default.py: 0
[2015-11-16 01:49:09] EDIT OCJ/controllers/default.py: 0
[2015-11-16 01:49:12] EDIT OCJ/controllers/default.py: 0
[2015-11-16 01:51:07] EDIT OCJ/controllers/default.py: 0
[2015-11-16 01:51:08] EDIT OCJ/controllers/default.py: 0
[2015-11-16 01:51:08] EDIT OCJ/controllers/default.py: 0
[2015-11-16 01:51:14] EDIT OCJ/controllers/default.py: 0
[2015-11-16 01:58:59] EDIT OCJ/controllers/default.py: 0
[2015-11-16 01:59:00] EDIT OCJ/controllers/default.py: 0
[2015-11-16 01:59:04] EDIT OCJ/views/default/contestpage.html: 0
[2015-11-16 01:59:06] EDIT OCJ/views/default/contests.html: 0
[2015-11-16 01:59:33] EDIT OCJ/views/default/contestpage.html: 1
[2015-11-16 01:59:33] EDIT OCJ/views/default/contestpage.html: 0
[2015-11-16 02:00:41] DELETE OCJ/views/default/contestpage.html.1: -5
[2015-11-16 02:01:11] EDIT OCJ/views/default/contestpage.html: 1
[2015-11-16 02:03:29] EDIT OCJ/controllers/default.py: 0
[2015-11-16 02:03:42] EDIT OCJ/views/default/contestpage.html: -1
[2015-11-16 02:03:44] EDIT OCJ/views/default/contestpage.html: 0
[2015-11-16 02:04:42] EDIT OCJ/views/default/contestpage.html: 0
[2015-11-16 02:06:52] EDIT OCJ/controllers/default.py: 0
[2015-11-16 02:07:13] EDIT OCJ/views/default/contestpage.html: -3
[2015-11-16 02:09:13] EDIT OCJ/controllers/default.py: 0
[2015-11-16 02:09:35] EDIT OCJ/controllers/default.py: -1
[2015-11-16 02:12:59] EDIT OCJ/static/css/web2py-bootstrap3.css: 0
[2015-11-16 02:22:59] EDIT OCJ/controllers/default.py: 0
[2015-11-16 02:23:15] EDIT OCJ/views/default/contestpage.html: 0
[2015-11-16 02:26:55] EDIT OCJ/views/default/contestpage.html: 1
[2015-11-16 02:27:29] EDIT OCJ/controllers/default.py: 1
[2015-11-16 02:28:14] EDIT OCJ/controllers/default.py: 0
[2015-11-16 02:28:35] EDIT OCJ/controllers/default.py: 0
[2015-11-16 02:28:52] EDIT OCJ/controllers/default.py: 0
[2015-11-16 02:30:24] EDIT OCJ/controllers/default.py: 0
[2015-11-16 02:30:46] EDIT OCJ/controllers/default.py: 0
[2015-11-16 02:31:07] EDIT OCJ/controllers/default.py: 0
[2015-11-16 02:32:26] EDIT OCJ/controllers/default.py: 3
[2015-11-16 02:32:31] EDIT OCJ/controllers/default.py: 0
[2015-11-16 02:33:10] EDIT OCJ/controllers/default.py: 0
[2015-11-16 02:34:20] EDIT OCJ/views/default/contestpage.html: 2
[2015-11-16 02:36:31] EDIT OCJ/views/default/contestpage.html: 11
[2015-11-16 02:37:14] EDIT OCJ/views/default/contestpage.html: -1
[2015-11-16 02:37:31] EDIT OCJ/views/default/contestpage.html: 1
[2015-11-16 02:37:50] EDIT OCJ/views/default/contestpage.html: 1
[2015-11-16 02:37:58] EDIT OCJ/views/default/contestpage.html: 0
[2015-11-16 02:43:28] EDIT OCJ/models/ocj_contests.py: 1
[2015-11-16 02:44:30] EDIT OCJ/models/ocj_contests.py: 0
[2015-11-16 02:47:29] EDIT OCJ/views/default/contestpage.html: 0
[2015-11-16 02:48:23] EDIT OCJ/views/default/contestpage.html: 5
[2015-11-16 02:52:27] EDIT OCJ/views/default/contestpage.html: 9
[2015-11-16 02:52:32] EDIT OCJ/views/default/contestpage.html: 0
[2015-11-16 02:52:34] EDIT OCJ/views/default/contestpage.html: 0
[2015-11-16 02:53:29] EDIT OCJ/views/default/contestpage.html: 0
[2015-11-16 02:54:41] EDIT OCJ/views/default/contestpage.html: -5
[2015-11-16 02:59:20] EDIT OCJ/views/default/contestpage.html: 0
[2015-11-16 02:59:21] EDIT OCJ/views/default/contestpage.html: 0
[2015-11-16 02:59:32] EDIT OCJ/views/default/contestpage.html: 0
[2015-11-16 02:59:41] EDIT OCJ/views/default/contestpage.html: 1
[2015-11-16 03:00:00] EDIT OCJ/views/default/contestpage.html: 1
[2015-11-16 03:01:00] EDIT OCJ/views/default/contestpage.html: 1
[2015-11-16 03:01:27] EDIT OCJ/views/default/contestpage.html: 0
[2015-11-16 03:01:27] EDIT OCJ/views/default/contestpage.html: 0
[2015-11-16 03:01:39] EDIT OCJ/views/default/contestpage.html: 0
[2015-11-16 03:01:48] EDIT OCJ/views/default/contestpage.html: 0
[2015-11-16 03:01:55] EDIT OCJ/views/default/contestpage.html: 0
[2015-11-16 03:02:08] EDIT OCJ/views/default/contestpage.html: 0
[2015-11-16 03:03:25] EDIT OCJ/views/default/contestpage.html: 4
[2015-11-16 03:04:08] EDIT OCJ/views/default/contestpage.html: 0
[2015-11-16 03:04:34] EDIT OCJ/views/default/contestpage.html: 0
[2015-11-16 03:04:46] EDIT OCJ/views/default/contestpage.html: 0
[2015-11-16 03:05:06] EDIT OCJ/views/default/contestpage.html: 0
[2015-11-16 03:09:28] EDIT OCJ/views/default/contestpage.html: 0
[2015-11-16 03:13:01] EDIT OCJ/views/default/contestpage.html: 0
[2015-11-16 03:15:22] EDIT OCJ/controllers/default.py: 5
[2015-11-16 03:16:04] CREATE default/challenges.html: 0
[2015-11-16 03:17:07] EDIT OCJ/views/default/challenges.html: 1
[2015-11-16 03:17:28] EDIT OCJ/views/default/challenges.html: -1
[2015-11-16 03:17:28] EDIT OCJ/views/default/challenges.html: 0
[2015-11-16 03:17:47] EDIT OCJ/views/default/challenges.html: 1
[2015-11-16 03:17:52] EDIT OCJ/views/default/challenges.html: 1
[2015-11-16 03:19:24] EDIT OCJ/controllers/default.py: 1
[2015-11-16 03:20:16] EDIT OCJ/views/default/challenges.html: 3
[2015-11-16 03:20:44] EDIT OCJ/views/default/challenges.html: -1
[2015-11-16 03:24:48] EDIT OCJ/views/default/contestpage.html: 0
[2015-11-16 03:27:58] EDIT OCJ/views/default/contestpage.html: 0
[2015-11-16 03:28:10] EDIT OCJ/controllers/default.py: 0
[2015-11-16 03:28:10] EDIT OCJ/controllers/default.py: 0
[2015-11-16 03:28:10] EDIT OCJ/controllers/default.py: 0
[2015-11-16 03:28:11] EDIT OCJ/controllers/default.py: 0
[2015-11-16 03:28:11] EDIT OCJ/controllers/default.py: 0
[2015-11-16 03:28:11] EDIT OCJ/controllers/default.py: 0
[2015-11-16 03:31:08] EDIT OCJ/controllers/default.py: 0
[2015-11-16 03:31:14] EDIT OCJ/controllers/default.py: 0
[2015-11-16 03:31:14] EDIT OCJ/controllers/default.py: 0
[2015-11-16 03:33:08] EDIT OCJ/controllers/default.py: 0
[2015-11-16 03:33:39] EDIT OCJ/controllers/default.py: 0
[2015-11-16 14:26:50] EDIT OCJ/models/ocj_contests.py: 8
[2015-11-16 14:27:07] EDIT OCJ/models/ocj_contests.py: 0
[2015-11-16 14:27:57] EDIT OCJ/models/ocj_contests.py: -6
[2015-11-16 14:35:20] EDIT OCJ/views/default/challenges.html: 1
[2015-11-16 14:37:59] EDIT OCJ/controllers/default.py: 1
[2015-11-16 14:47:15] EDIT OCJ/models/ocj_contests.py: 0
[2015-11-16 17:31:57] EDIT OCJ/models/ocj_contests.py: 0
[2015-11-16 17:32:23] EDIT OCJ/models/ocj_contests.py: 0
[2015-11-16 17:34:07] EDIT OCJ/controllers/default.py: 0
[2015-11-16 17:34:08] EDIT OCJ/controllers/default.py: 0
[2015-11-16 17:35:27] EDIT OCJ/controllers/default.py: 1
[2015-11-16 17:36:17] EDIT OCJ/models/ocj_contests.py: 1
[2015-11-16 17:36:19] EDIT OCJ/models/ocj_contests.py: 0
[2015-11-16 17:36:59] EDIT OCJ/controllers/default.py: 0
[2015-11-16 17:37:07] EDIT OCJ/controllers/default.py: 0
[2015-11-16 17:37:34] EDIT OCJ/views/default/challenges.html: 1
[2015-11-16 17:37:34] EDIT OCJ/views/default/challenges.html: 0
[2015-11-16 17:37:35] EDIT OCJ/views/default/challenges.html: 0
[2015-11-16 17:37:50] EDIT OCJ/views/default/challenges.html: 0
[2015-11-16 17:39:50] EDIT OCJ/controllers/default.py: 1
[2015-11-16 17:40:16] EDIT OCJ/controllers/default.py: 1
[2015-11-16 17:40:52] EDIT OCJ/controllers/default.py: 1
[2015-11-16 17:44:45] EDIT OCJ/controllers/default.py: 0
[2015-11-16 17:45:12] EDIT OCJ/controllers/default.py: 0
[2015-11-16 17:45:14] EDIT OCJ/controllers/default.py: 0
[2015-11-16 17:45:40] EDIT OCJ/controllers/default.py: 0
[2015-11-16 17:46:39] EDIT OCJ/controllers/default.py: 0
[2015-11-16 17:47:42] EDIT OCJ/controllers/default.py: 2
[2015-11-16 17:48:06] EDIT OCJ/controllers/default.py: 0
[2015-11-16 17:49:10] EDIT OCJ/models/ocj_contests.py: 0
[2015-11-16 17:49:10] EDIT OCJ/models/ocj_contests.py: 0
[2015-11-16 17:49:10] EDIT OCJ/models/ocj_contests.py: 0
[2015-11-16 17:49:55] EDIT OCJ/views/default/challenges.html: 0
[2015-11-16 17:49:56] EDIT OCJ/views/default/challenges.html: 0
[2015-11-16 17:50:19] EDIT OCJ/views/default/challenges.html: 2
[2015-11-16 17:50:19] EDIT OCJ/views/default/challenges.html: 0
[2015-11-16 17:50:22] EDIT OCJ/views/default/challenges.html: 0
[2015-11-16 17:51:38] EDIT OCJ/controllers/default.py: 0
[2015-11-16 17:51:39] EDIT OCJ/controllers/default.py: 0
[2015-11-16 17:51:39] EDIT OCJ/controllers/default.py: 0
[2015-11-16 17:52:18] EDIT OCJ/controllers/default.py: 0
[2015-11-16 17:52:24] EDIT OCJ/controllers/default.py: 0
[2015-11-16 17:52:24] EDIT OCJ/controllers/default.py: 0
[2015-11-16 17:54:49] EDIT OCJ/views/default/challenges.html: 6
[2015-11-16 17:54:51] EDIT OCJ/views/default/challenges.html: 0
[2015-11-16 17:55:02] EDIT OCJ/views/default/challenges.html: 0
[2015-11-16 17:55:45] EDIT OCJ/views/default/challenges.html: 2
[2015-11-16 17:57:21] EDIT OCJ/views/default/challenges.html: 7
[2015-11-16 17:58:13] EDIT OCJ/views/default/challenges.html: 2
[2015-11-16 17:58:13] EDIT OCJ/views/default/challenges.html: 0
[2015-11-16 17:58:14] EDIT OCJ/views/default/challenges.html: 0
[2015-11-16 17:58:14] EDIT OCJ/views/default/challenges.html: 0
[2015-11-16 17:58:44] EDIT OCJ/views/default/challenges.html: 1
[2015-11-16 17:58:44] EDIT OCJ/views/default/challenges.html: 0
[2015-11-16 17:58:44] EDIT OCJ/views/default/challenges.html: 0
[2015-11-16 18:04:22] EDIT OCJ/controllers/default.py: 5
[2015-11-16 18:04:22] EDIT OCJ/controllers/default.py: 0
[2015-11-16 18:04:22] EDIT OCJ/controllers/default.py: 0
[2015-11-16 18:04:23] EDIT OCJ/controllers/default.py: 0
[2015-11-16 18:04:23] EDIT OCJ/controllers/default.py: 0
[2015-11-16 18:04:23] EDIT OCJ/controllers/default.py: 0
[2015-11-16 18:04:23] EDIT OCJ/controllers/default.py: 0
[2015-11-16 18:04:55] EDIT OCJ/controllers/default.py: 0
[2015-11-16 18:04:56] EDIT OCJ/controllers/default.py: 0
[2015-11-16 18:04:56] EDIT OCJ/controllers/default.py: 0
[2015-11-16 18:04:57] EDIT OCJ/controllers/default.py: 0
[2015-11-16 18:04:57] EDIT OCJ/controllers/default.py: 0
[2015-11-16 18:05:39] EDIT OCJ/views/default/challenges.html: 3
[2015-11-16 18:05:55] EDIT OCJ/views/default/challenges.html: 1
[2015-11-16 18:05:56] EDIT OCJ/views/default/challenges.html: 0
[2015-11-16 18:05:56] EDIT OCJ/views/default/challenges.html: 0
[2015-11-16 18:05:57] EDIT OCJ/views/default/challenges.html: 0
[2015-11-16 18:06:51] EDIT OCJ/controllers/default.py: 4
[2015-11-16 18:06:51] EDIT OCJ/controllers/default.py: 0
[2015-11-16 18:06:51] EDIT OCJ/controllers/default.py: 0
[2015-11-16 18:06:52] EDIT OCJ/controllers/default.py: 0
[2015-11-16 18:06:58] EDIT OCJ/controllers/default.py: 0
[2015-11-16 18:07:08] EDIT OCJ/controllers/default.py: 0
[2015-11-16 18:07:23] EDIT OCJ/controllers/default.py: 0
[2015-11-16 18:07:23] EDIT OCJ/controllers/default.py: 0
[2015-11-16 18:07:23] EDIT OCJ/controllers/default.py: 0
[2015-11-16 18:10:21] EDIT OCJ/controllers/default.py: 0
[2015-11-16 18:11:00] EDIT OCJ/views/default/challenges.html: 0
[2015-11-16 18:11:52] EDIT OCJ/views/default/challenges.html: 0
[2015-11-16 18:11:52] EDIT OCJ/views/default/challenges.html: 0
[2015-11-16 18:12:10] EDIT OCJ/views/default/challenges.html: 0
[2015-11-16 18:13:24] EDIT OCJ/views/default/contestpage.html: 0
[2015-11-16 18:15:02] EDIT OCJ/controllers/default.py: 0
[2015-11-16 18:15:07] EDIT OCJ/controllers/default.py: 0
[2015-11-16 18:15:33] EDIT OCJ/views/default/challenges.html: 0
[2015-11-16 18:16:11] EDIT OCJ/views/default/challenges.html: 0
[2015-11-16 18:22:49] EDIT OCJ/views/default/contestpage.html: 0
[2015-11-16 18:22:55] EDIT OCJ/views/default/contestpage.html: 0
[2015-11-16 18:25:00] EDIT OCJ/views/default/challenges.html: 1
[2015-11-16 18:25:00] EDIT OCJ/views/default/challenges.html: 0
[2015-11-16 18:25:15] EDIT OCJ/views/default/challenges.html: 0
[2015-11-16 18:25:30] EDIT OCJ/controllers/default.py: 0
[2015-11-16 18:25:48] EDIT OCJ/views/default/challenges.html: -1
[2015-11-16 18:25:49] EDIT OCJ/views/default/challenges.html: 0
[2015-11-16 18:26:35] EDIT OCJ/views/default/challenges.html: 0
[2015-11-16 18:26:37] EDIT OCJ/views/default/challenges.html: 0
[2015-11-16 18:26:48] EDIT OCJ/views/default/challenges.html: 0
[2015-11-16 18:27:52] EDIT OCJ/views/default/challenges.html: 0
[2015-11-16 18:27:53] EDIT OCJ/views/default/challenges.html: 0
[2015-11-16 18:28:39] EDIT OCJ/views/default/challenges.html: 1
[2015-11-16 18:28:47] EDIT OCJ/views/default/challenges.html: 0
[2015-11-16 18:28:47] EDIT OCJ/views/default/challenges.html: 0
[2015-11-16 18:28:48] EDIT OCJ/views/default/challenges.html: 0
[2015-11-16 18:28:51] EDIT OCJ/views/default/challenges.html: 1
[2015-11-16 18:28:51] EDIT OCJ/views/default/challenges.html: 0
[2015-11-16 18:29:02] EDIT OCJ/views/default/challenges.html: 0
[2015-11-16 18:29:14] EDIT OCJ/views/default/challenges.html: -2
[2015-11-16 18:31:21] EDIT OCJ/views/default/challenges.html: 1
[2015-11-16 18:31:27] EDIT OCJ/views/default/challenges.html: 0
[2015-11-16 18:31:27] EDIT OCJ/views/default/challenges.html: 0
[2015-11-16 18:32:13] EDIT OCJ/views/default/challenges.html: 0
[2015-11-16 18:33:52] EDIT OCJ/views/default/challenges.html: 0
[2015-11-16 18:34:03] EDIT OCJ/views/default/challenges.html: 0
[2015-11-16 18:34:16] EDIT OCJ/views/default/challenges.html: 0
[2015-11-16 18:34:25] EDIT OCJ/views/default/challenges.html: 0
[2015-11-16 18:36:17] EDIT OCJ/views/default/challenges.html: 0
[2015-11-16 18:36:47] EDIT OCJ/views/default/challenges.html: 2
[2015-11-16 18:37:20] EDIT OCJ/views/default/challenges.html: 0
[2015-11-16 18:39:09] EDIT OCJ/views/default/challenges.html: 0
[2015-11-16 18:39:16] EDIT OCJ/views/default/challenges.html: 0
[2015-11-16 18:39:27] EDIT OCJ/views/default/challenges.html: 0
[2015-11-16 18:39:43] EDIT OCJ/views/default/challenges.html: -2
[2015-11-16 18:39:59] EDIT OCJ/views/default/challenges.html: 0
[2015-11-16 18:40:36] EDIT OCJ/views/default/challenges.html: 0
[2015-11-16 18:41:10] EDIT OCJ/controllers/default.py: 0
[2015-11-16 18:41:34] EDIT OCJ/views/default/challenges.html: 0
[2015-11-16 18:41:46] EDIT OCJ/views/default/challenges.html: 1
[2015-11-16 18:41:46] EDIT OCJ/views/default/challenges.html: 0
[2015-11-16 18:42:09] EDIT OCJ/views/default/challenges.html: 0
[2015-11-16 18:42:20] EDIT OCJ/views/default/challenges.html: -1
[2015-11-16 18:43:32] EDIT OCJ/views/default/challenges.html: 0
[2015-11-16 18:43:32] EDIT OCJ/views/default/challenges.html: 0
[2015-11-16 18:46:19] EDIT OCJ/views/default/contestpage.html: 21
[2015-11-16 18:46:38] EDIT OCJ/controllers/default.py: 2
[2015-11-16 18:47:03] EDIT OCJ/views/default/contestpage.html: -21
[2015-11-16 18:52:24] EDIT OCJ/views/default/contestpage.html: 1
[2015-11-16 18:53:04] EDIT OCJ/views/default/contestpage.html: 20
[2015-11-16 18:53:04] EDIT OCJ/views/default/contestpage.html: 0
[2015-11-16 19:48:19] EDIT OCJ/models/menu.py: 1
[2015-11-16 19:48:50] EDIT OCJ/models/menu.py: 1
[2015-11-16 19:49:43] EDIT OCJ/models/menu.py: 0
[2015-11-16 19:49:55] EDIT OCJ/models/menu.py: 0
[2015-11-16 19:49:59] EDIT OCJ/models/menu.py: 0
[2015-11-16 19:50:25] EDIT OCJ/models/menu.py: 5
[2015-11-16 19:50:33] EDIT OCJ/models/menu.py: 0
[2015-11-16 19:57:03] EDIT OCJ/models/menu.py: -2
[2015-11-16 19:57:11] EDIT OCJ/models/menu.py: -5
[2015-11-16 19:59:43] EDIT OCJ/models/menu.py: 5
[2015-11-16 20:01:32] EDIT OCJ/models/menu.py: -5
[2015-11-16 20:02:17] EDIT OCJ/models/menu.py: 5
[2015-11-16 20:10:44] EDIT OCJ/models/menu.py: 0
[2015-11-16 20:15:05] CREATE default/hostcontest.html: 0
[2015-11-16 20:15:22] EDIT OCJ/views/default/hostcontest.html: 1
[2015-11-16 20:15:37] EDIT OCJ/controllers/default.py: 2
[2015-11-16 20:15:44] EDIT OCJ/controllers/default.py: 0
[2015-11-16 20:16:14] EDIT OCJ/controllers/default.py: 1
[2015-11-16 20:16:36] EDIT OCJ/views/default/hostcontest.html: 0
[2015-11-16 20:16:59] EDIT OCJ/controllers/default.py: -3
[2015-11-16 21:02:17] EDIT OCJ/controllers/default.py: 2
[2015-11-16 21:02:34] EDIT OCJ/views/default/hostcontest.html: 0
[2015-11-16 21:02:49] EDIT OCJ/views/default/hostcontest.html: -2
[2015-11-16 21:39:21] EDIT OCJ/controllers/default.py: 1
[2015-11-16 21:39:41] EDIT OCJ/views/default/hostcontest.html: 0
[2015-11-16 21:40:42] EDIT OCJ/views/default/hostcontest.html: 3
[2015-11-16 21:40:58] EDIT OCJ/views/default/hostcontest.html: 0
[2015-11-16 21:40:59] EDIT OCJ/views/default/hostcontest.html: 0
[2015-11-16 21:41:13] EDIT OCJ/views/default/hostcontest.html: 0
[2015-11-16 21:43:17] EDIT OCJ/controllers/default.py: 3
[2015-11-16 21:43:52] EDIT OCJ/controllers/default.py: 0
[2015-11-16 21:43:54] EDIT OCJ/views/default/hostcontest.html: 0
[2015-11-16 21:44:21] EDIT OCJ/controllers/default.py: 0
[2015-11-16 21:44:37] EDIT OCJ/views/default/hostcontest.html: 0
[2015-11-16 22:16:05] EDIT OCJ/views/default/hostcontest.html: 2
[2015-11-16 22:16:08] EDIT OCJ/views/default/hostcontest.html: 0
[2015-11-16 22:16:23] EDIT OCJ/views/default/hostcontest.html: 0
[2015-11-16 22:16:42] EDIT OCJ/views/default/hostcontest.html: 0
[2015-11-16 22:16:57] EDIT OCJ/views/default/hostcontest.html: 0
[2015-11-16 22:17:02] EDIT OCJ/views/default/hostcontest.html: 0
[2015-11-16 22:17:28] EDIT OCJ/views/default/hostcontest.html: 3
[2015-11-16 22:17:37] EDIT OCJ/views/default/hostcontest.html: 2
[2015-11-16 22:17:55] EDIT OCJ/views/default/hostcontest.html: 0
[2015-11-16 22:17:56] EDIT OCJ/views/default/hostcontest.html: 0
[2015-11-16 22:18:07] EDIT OCJ/views/default/hostcontest.html: 0
[2015-11-16 22:18:32] EDIT OCJ/views/default/hostcontest.html: 0
[2015-11-16 22:18:47] EDIT OCJ/views/default/hostcontest.html: 0
[2015-11-16 22:19:55] EDIT OCJ/views/default/hostcontest.html: 3
[2015-11-16 22:20:01] EDIT OCJ/views/default/hostcontest.html: -1
[2015-11-16 22:20:23] EDIT OCJ/views/default/hostcontest.html: 0
[2015-11-16 22:20:26] EDIT OCJ/views/default/hostcontest.html: 0
[2015-11-16 22:20:36] EDIT OCJ/views/default/hostcontest.html: 0
[2015-11-16 22:20:45] EDIT OCJ/views/default/hostcontest.html: 0
[2015-11-16 22:20:52] EDIT OCJ/views/default/hostcontest.html: 0
[2015-11-16 22:21:02] EDIT OCJ/views/default/hostcontest.html: 0
[2015-11-16 22:21:33] EDIT OCJ/views/default/hostcontest.html: 0
[2015-11-16 22:21:42] EDIT OCJ/views/default/hostcontest.html: 1
[2015-11-16 22:21:58] EDIT OCJ/views/default/hostcontest.html: 0
[2015-11-16 22:22:03] EDIT OCJ/views/default/hostcontest.html: 0
[2015-11-16 22:22:08] EDIT OCJ/views/default/hostcontest.html: 0
[2015-11-16 22:22:19] EDIT OCJ/views/default/hostcontest.html: -1
[2015-11-16 22:25:40] EDIT OCJ/controllers/default.py: 11
[2015-11-16 22:28:05] EDIT OCJ/controllers/default.py: 0
[2015-11-16 22:28:07] EDIT OCJ/controllers/default.py: 0
[2015-11-16 22:28:09] EDIT OCJ/controllers/default.py: 0
[2015-11-16 22:28:14] EDIT OCJ/controllers/default.py: 0
[2015-11-16 22:28:30] EDIT OCJ/controllers/default.py: 0
[2015-11-16 22:28:31] EDIT OCJ/controllers/default.py: 0
[2015-11-16 22:28:31] EDIT OCJ/controllers/default.py: 0
[2015-11-16 22:28:35] EDIT OCJ/controllers/default.py: 0
[2015-11-16 22:28:36] EDIT OCJ/controllers/default.py: 0
[2015-11-16 22:28:37] EDIT OCJ/controllers/default.py: 0
[2015-11-16 22:37:44] EDIT OCJ/views/default/hostcontest.html: 6
[2015-11-16 22:37:55] EDIT OCJ/controllers/default.py: -3
[2015-11-16 22:38:05] EDIT OCJ/controllers/default.py: 0
[2015-11-16 22:38:06] EDIT OCJ/controllers/default.py: 0
[2015-11-16 22:38:13] EDIT OCJ/controllers/default.py: 0
[2015-11-16 22:38:13] EDIT OCJ/controllers/default.py: 0
[2015-11-16 22:38:14] EDIT OCJ/controllers/default.py: 0
[2015-11-16 22:38:14] EDIT OCJ/controllers/default.py: 0
[2015-11-16 22:38:15] EDIT OCJ/controllers/default.py: 0
[2015-11-16 22:38:19] EDIT OCJ/controllers/default.py: 0
[2015-11-16 22:38:49] EDIT OCJ/controllers/default.py: -1
[2015-11-16 22:40:15] EDIT OCJ/views/default/hostcontest.html: 0
[2015-11-16 22:40:18] EDIT OCJ/controllers/default.py: 0
[2015-11-16 22:40:48] EDIT OCJ/controllers/default.py: -6
[2015-11-16 22:41:11] EDIT OCJ/views/default/hostcontest.html: 0
[2015-11-16 22:41:31] EDIT OCJ/views/default/hostcontest.html: 0
[2015-11-16 22:42:00] EDIT OCJ/views/default/hostcontest.html: 0
[2015-11-16 22:43:10] EDIT OCJ/views/default/hostcontest.html: -1
[2015-11-16 22:43:20] EDIT OCJ/views/default/hostcontest.html: 0
[2015-11-16 22:50:21] EDIT OCJ/views/default/hostcontest.html: 0
[2015-11-16 22:50:27] EDIT OCJ/views/default/hostcontest.html: 0
[2015-11-16 23:04:48] EDIT OCJ/controllers/default.py: 0
[2015-11-16 23:04:57] EDIT OCJ/controllers/default.py: -3
[2015-11-16 23:05:21] EDIT OCJ/views/default/hostcontest.html: -12
[2015-11-16 23:50:36] CREATE host.py: 0
[2015-11-18 01:41:28] EDIT OCJ/models/ocj_contests.py: -1
[2015-11-18 01:41:47] EDIT OCJ/models/ocj_contests.py: 0
[2015-11-18 01:50:06] EDIT OCJ/models/ocj_contests.py: 0
[2015-11-18 01:50:07] EDIT OCJ/models/ocj_contests.py: 0
[2015-11-18 01:51:39] EDIT OCJ/models/ocj_contests.py: 0
[2015-11-18 01:51:39] EDIT OCJ/models/ocj_contests.py: 0
[2015-11-18 02:05:45] EDIT OCJ/models/ocj_contests.py: 1
[2015-11-18 02:07:39] EDIT OCJ/models/ocj_contests.py: 0
[2015-11-18 21:19:30] EDIT OCJ/views/default/challenges.html: 3
[2015-11-18 21:19:59] EDIT OCJ/controllers/default.py: 0
[2015-11-18 21:20:15] EDIT OCJ/controllers/default.py: 0
[2015-11-18 21:23:26] EDIT OCJ/controllers/default.py: 3
[2015-11-18 21:23:51] EDIT OCJ/views/default/challenges.html: 2
[2015-11-18 21:25:35] EDIT OCJ/controllers/default.py: 1
[2015-11-18 21:27:08] EDIT OCJ/controllers/default.py: 2
[2015-11-18 21:29:14] EDIT OCJ/controllers/default.py: 0
[2015-11-18 21:29:47] EDIT OCJ/views/default/challenges.html: -1
[2015-11-18 21:29:49] EDIT OCJ/views/default/challenges.html: -1
[2015-11-18 21:31:42] EDIT OCJ/controllers/default.py: 4
[2015-11-18 21:34:10] EDIT OCJ/views/default/contestpage.html: 0
[2015-11-18 21:34:11] EDIT OCJ/views/default/contestpage.html: 0
[2015-11-18 21:35:08] EDIT OCJ/controllers/default.py: 4
[2015-11-18 21:36:18] EDIT OCJ/views/default/challenges.html: 2
[2015-11-18 21:36:18] EDIT OCJ/views/default/challenges.html: 0
